Copyright 1986-2018 Xilinx, Inc. All Rights Reserved.
--------------------------------------------------------------------------------------
| Tool Version : Vivado v.2018.2 (win64) Build 2258646 Thu Jun 14 20:03:12 MDT 2018
| Date         : Mon Aug 27 12:43:05 2018
| Host         : WK142 running 64-bit major release  (build 9200)
| Command      : report_control_sets -verbose -file GPIO_demo_control_sets_placed.rpt
| Design       : GPIO_demo
| Device       : xc7a35t
--------------------------------------------------------------------------------------

Control Set Information

Table of Contents
-----------------
1. Summary
2. Histogram
3. Flip-Flop Distribution
4. Detailed Control Set Information

1. Summary
----------

+----------------------------------------------------------+-------+
|                          Status                          | Count |
+----------------------------------------------------------+-------+
| Number of unique control sets                            |    35 |
| Unused register locations in slices containing registers |    44 |
+----------------------------------------------------------+-------+


2. Histogram
------------

+--------+--------------+
| Fanout | Control Sets |
+--------+--------------+
|      8 |            5 |
|     14 |            3 |
|    16+ |           27 |
+--------+--------------+


3. Flip-Flop Distribution
-------------------------

+--------------+-----------------------+------------------------+-----------------+--------------+
| Clock Enable | Synchronous Set/Reset | Asynchronous Set/Reset | Total Registers | Total Slices |
+--------------+-----------------------+------------------------+-----------------+--------------+
| No           | No                    | No                     |             272 |           56 |
| No           | No                    | Yes                    |               0 |            0 |
| No           | Yes                   | No                     |             442 |           57 |
| Yes          | No                    | No                     |             212 |           38 |
| Yes          | No                    | Yes                    |               0 |            0 |
| Yes          | Yes                   | No                     |             230 |           32 |
+--------------+-----------------------+------------------------+-----------------+--------------+


4. Detailed Control Set Information
-----------------------------------

+-------------------------------------------+----------------------------------------------------------------------------+----------------------------------------------------------------------------+------------------+----------------+
|                Clock Signal               |                                Enable Signal                               |                              Set/Reset Signal                              | Slice Load Count | Bel Load Count |
+-------------------------------------------+----------------------------------------------------------------------------+----------------------------------------------------------------------------+------------------+----------------+
|  Inst_vga_ctrl/clk_wiz_0_inst/U0/clk_out1 | Inst_vga_ctrl/Inst_MouseCtl/Inst_Ps2Interface/shift_frame                  | Inst_vga_ctrl/Inst_MouseCtl/Inst_Ps2Interface/bit_count[3]_i_1_n_0         |                1 |              8 |
|  Inst_vga_ctrl/clk_wiz_0_inst/U0/clk_out1 |                                                                            | Inst_vga_ctrl/Inst_MouseCtl/Inst_Ps2Interface/data_inter0                  |                1 |              8 |
|  Inst_vga_ctrl/clk_wiz_0_inst/U0/clk_out1 |                                                                            | Inst_vga_ctrl/Inst_MouseCtl/Inst_Ps2Interface/clk_inter0                   |                1 |              8 |
|  CLK_IBUF_BUFG                            | eqOp2_in                                                                   | tmrVal[3]_i_1_n_0                                                          |                2 |              8 |
|  Inst_vga_ctrl/clk_wiz_0_inst/U0/clk_out1 | Inst_vga_ctrl/Inst_MouseCtl/x_overflow_i_1_n_0                             |                                                                            |                1 |              8 |
|  CLK_IBUF_BUFG                            | uartSend                                                                   |                                                                            |                2 |             14 |
|  CLK_IBUF_BUFG                            | uartData                                                                   |                                                                            |                6 |             14 |
|  Inst_vga_ctrl/clk_wiz_0_inst/U0/clk_out1 | Inst_vga_ctrl/Inst_MouseCtl/Inst_Ps2Interface/delay_63clk_count[6]_i_2_n_0 | Inst_vga_ctrl/Inst_MouseCtl/Inst_Ps2Interface/delay_63clk_count[6]_i_1_n_0 |                2 |             14 |
|  Inst_vga_ctrl/clk_wiz_0_inst/U0/clk_out1 | Inst_vga_ctrl/Inst_MouseCtl/x_inc[7]_i_1_n_0                               |                                                                            |                5 |             16 |
|  Inst_vga_ctrl/clk_wiz_0_inst/U0/clk_out1 | Inst_vga_ctrl/Inst_MouseCtl/y_inc[7]_i_1_n_0                               |                                                                            |                3 |             16 |
|  Inst_vga_ctrl/clk_wiz_0_inst/U0/clk_out1 | Inst_vga_ctrl/Inst_MouseCtl/Inst_Ps2Interface/load_rx_data_reg_n_0         |                                                                            |                1 |             16 |
|  Inst_vga_ctrl/clk_wiz_0_inst/U0/clk_out1 | Inst_vga_ctrl/Inst_MouseCtl/g0_b0_n_0                                      |                                                                            |                2 |             16 |
|  Inst_vga_ctrl/clk_wiz_0_inst/U0/clk_out1 | Inst_vga_ctrl/Inst_MouseCtl/Inst_Ps2Interface/frame[9]_i_1_n_0             |                                                                            |                2 |             20 |
|  Inst_vga_ctrl/clk_wiz_0_inst/U0/clk_out1 | Inst_vga_ctrl/Inst_MouseCtl/y_new_reg_n_0                                  |                                                                            |                3 |             22 |
|  Inst_vga_ctrl/clk_wiz_0_inst/U0/clk_out1 | Inst_vga_ctrl/Inst_MouseCtl/Inst_Ps2Interface/delay_20us_count[10]_i_2_n_0 | Inst_vga_ctrl/Inst_MouseCtl/Inst_Ps2Interface/delay_20us_count[10]_i_1_n_0 |                3 |             22 |
|  Inst_vga_ctrl/clk_wiz_0_inst/U0/clk_out1 |                                                                            | Inst_vga_ctrl/eqOp4_in                                                     |                3 |             24 |
|  Inst_vga_ctrl/clk_wiz_0_inst/U0/clk_out1 |                                                                            | Inst_vga_ctrl/vga_red_reg[3]_i_1_n_0                                       |                2 |             24 |
|  Inst_vga_ctrl/clk_wiz_0_inst/U0/clk_out1 | Inst_vga_ctrl/eqOp4_in                                                     | Inst_vga_ctrl/v_cntr_reg0                                                  |                3 |             24 |
|  Inst_vga_ctrl/clk_wiz_0_inst/U0/clk_out1 | Inst_vga_ctrl/Inst_MouseCtl/x_new_reg_n_0                                  |                                                                            |                5 |             24 |
|  CLK_IBUF_BUFG                            |                                                                            | Inst_UART_TX_CTRL/bitTmr[0]_i_1_n_0                                        |                4 |             28 |
|  Inst_vga_ctrl/clk_wiz_0_inst/U0/clk_out1 | Inst_vga_ctrl/Inst_MouseCtl/Inst_Ps2Interface/delay_100us_count[0]_i_2_n_0 | Inst_vga_ctrl/Inst_MouseCtl/Inst_Ps2Interface/delay_100us_count[0]_i_1_n_0 |                4 |             28 |
|  CLK_IBUF_BUFG                            |                                                                            | Inst_btn_debounce/sig_cntrs_ary[4][0]_i_1_n_0                              |                4 |             32 |
|  CLK_IBUF_BUFG                            |                                                                            | Inst_btn_debounce/sig_cntrs_ary[0][0]_i_1_n_0                              |                4 |             32 |
|  CLK_IBUF_BUFG                            |                                                                            | Inst_btn_debounce/sig_cntrs_ary[2][0]_i_1_n_0                              |                4 |             32 |
|  CLK_IBUF_BUFG                            |                                                                            | Inst_btn_debounce/sig_cntrs_ary[1][0]_i_1_n_0                              |                4 |             32 |
|  CLK_IBUF_BUFG                            |                                                                            | Inst_btn_debounce/sig_cntrs_ary[3][0]_i_1_n_0                              |                4 |             32 |
|  CLK_IBUF_BUFG                            |                                                                            | reset_cntr0                                                                |                5 |             36 |
|  CLK_IBUF_BUFG                            |                                                                            |                                                                            |               11 |             44 |
|  Inst_vga_ctrl/clk_wiz_0_inst/U0/clk_out1 | Inst_vga_ctrl/v_sync_reg                                                   |                                                                            |                8 |             46 |
|  Inst_vga_ctrl/clk_wiz_0_inst/U0/clk_out1 |                                                                            | Inst_vga_ctrl/Inst_MouseCtl/reset_timeout_cnt_reg_n_0                      |                6 |             48 |
|  Inst_vga_ctrl/clk_wiz_0_inst/U0/clk_out1 |                                                                            | Inst_vga_ctrl/Inst_MouseCtl/reset_periodic_check_cnt                       |                8 |             52 |
|  CLK_IBUF_BUFG                            |                                                                            | tmrCntr0                                                                   |                7 |             54 |
|  CLK_IBUF_BUFG                            | uartData                                                                   | strIndex0                                                                  |                8 |             62 |
|  CLK_IBUF_BUFG                            | Inst_UART_TX_CTRL/txBit_i_1_n_0                                            | Inst_UART_TX_CTRL/READY                                                    |                9 |             64 |
|  Inst_vga_ctrl/clk_wiz_0_inst/U0/clk_out1 |                                                                            |                                                                            |               45 |            228 |
+-------------------------------------------+----------------------------------------------------------------------------+----------------------------------------------------------------------------+------------------+----------------+


